<?xml version="1.0" encoding="UTF-8"?>
<testsuite xmlns:xsi="http://www.w3.org/2001/XMLSchema-instance" xsi:noNamespaceSchemaLocation="https://maven.apache.org/surefire/maven-surefire-plugin/xsd/surefire-test-report.xsd" name="com.lzy.liujing.restaurant.dao.OrderDaoTest" time="0" tests="5" errors="0" skipped="5" failures="0">
  <properties>
[...]
</properties>
  <testcase name="insert" classname="com.lzy.liujing.restaurant.dao.OrderDaoTest" time="0">
    <skipped/>
    <system-out><![CDATA[2024-10-07 11:30:22.616  INFO 5412 --- [           main] .b.t.c.SpringBootTestContextBootstrapper : Neither @ContextConfiguration nor @ContextHierarchy found for test class [com.lzy.liujing.restaurant.dao.OrderDaoTest], using SpringBootContextLoader
2024-10-07 11:30:22.616  INFO 5412 --- [           main] o.s.t.c.support.AbstractContextLoader    : Could not detect default resource locations for test class [com.lzy.liujing.restaurant.dao.OrderDaoTest]: no resource found for suffixes {-context.xml, Context.groovy}.
2024-10-07 11:30:22.616  INFO 5412 --- [           main] t.c.s.AnnotationConfigContextLoaderUtils : Could not detect default configuration classes for test class [com.lzy.liujing.restaurant.dao.OrderDaoTest]: OrderDaoTest does not declare any static, non-private, non-final, nested classes annotated with @Configuration.
2024-10-07 11:30:22.625  INFO 5412 --- [           main] .b.t.c.SpringBootTestContextBootstrapper : Found @SpringBootConfiguration com.lzy.liujing.restaurant.RestaurantApplication for test class com.lzy.liujing.restaurant.dao.OrderDaoTest
2024-10-07 11:30:22.626  INFO 5412 --- [           main] .b.t.c.SpringBootTestContextBootstrapper : Loaded default TestExecutionListener class names from location [META-INF/spring.factories]: [org.springframework.boot.test.mock.mockito.MockitoTestExecutionListener, org.springframework.boot.test.mock.mockito.ResetMocksTestExecutionListener, org.springframework.boot.test.autoconfigure.restdocs.RestDocsTestExecutionListener, org.springframework.boot.test.autoconfigure.web.client.MockRestServiceServerResetTestExecutionListener, org.springframework.boot.test.autoconfigure.web.servlet.MockMvcPrintOnlyOnFailureTestExecutionListener, org.springframework.boot.test.autoconfigure.web.servlet.WebDriverTestExecutionListener, org.springframework.test.context.web.ServletTestExecutionListener, org.springframework.test.context.support.DirtiesContextBeforeModesTestExecutionListener, org.springframework.test.context.support.DependencyInjectionTestExecutionListener, org.springframework.test.context.support.DirtiesContextTestExecutionListener, org.springframework.test.context.transaction.TransactionalTestExecutionListener, org.springframework.test.context.jdbc.SqlScriptsTestExecutionListener]
2024-10-07 11:30:22.626  INFO 5412 --- [           main] .b.t.c.SpringBootTestContextBootstrapper : Using TestExecutionListeners: [org.springframework.test.context.web.ServletTestExecutionListener@205df5dc, org.springframework.test.context.support.DirtiesContextBeforeModesTestExecutionListener@6aa7b67f, org.springframework.boot.test.mock.mockito.MockitoTestExecutionListener@6bcc3f27, org.springframework.boot.test.autoconfigure.SpringBootDependencyInjectionTestExecutionListener@79aee22a, org.springframework.test.context.support.DirtiesContextTestExecutionListener@36920bd6, org.springframework.test.context.transaction.TransactionalTestExecutionListener@61514735, org.springframework.test.context.jdbc.SqlScriptsTestExecutionListener@6bee793f, org.springframework.boot.test.mock.mockito.ResetMocksTestExecutionListener@655f69da, org.springframework.boot.test.autoconfigure.restdocs.RestDocsTestExecutionListener@43b5021c, org.springframework.boot.test.autoconfigure.web.client.MockRestServiceServerResetTestExecutionListener@28369db0, org.springframework.boot.test.autoconfigure.web.servlet.MockMvcPrintOnlyOnFailureTestExecutionListener@30893e08, org.springframework.boot.test.autoconfigure.web.servlet.WebDriverTestExecutionListener@2e86807a]
]]></system-out>
  </testcase>
  <testcase name="deleteByIds" classname="com.lzy.liujing.restaurant.dao.OrderDaoTest" time="0">
    <skipped/>
  </testcase>
  <testcase name="update" classname="com.lzy.liujing.restaurant.dao.OrderDaoTest" time="0">
    <skipped/>
  </testcase>
  <testcase name="findById" classname="com.lzy.liujing.restaurant.dao.OrderDaoTest" time="0">
    <skipped/>
  </testcase>
  <testcase name="findPage" classname="com.lzy.liujing.restaurant.dao.OrderDaoTest" time="0">
    <skipped/>
  </testcase>
</testsuite>